<?xml version="1.0" encoding="UTF-8"?>
<!-- Generated by org.testng.reporters.JUnitXMLReporter -->
<testsuite ignored="0" hostname="SURAJ-PC" failures="0" tests="6" name="Default test" time="84.88" errors="0" timestamp="2025-07-27T20:16:33 IST">
  <testcase classname="com.AsianPaints.tests.TC_2_WaterProofing" name="OpenBrowser" time="0.288"/>
  <testcase classname="com.AsianPaints.tests.TC_2_WaterProofing" name="Check_Hover" time="0.738"/>
  <testcase classname="com.AsianPaints.tests.TC_2_WaterProofing" name="Check_WaterProofingSection" time="3.061"/>
  <testcase classname="com.AsianPaints.tests.TC_2_WaterProofing" name="Calc_Budget_Paint_Int" time="6.459"/>
  <testcase classname="com.AsianPaints.tests.TC_2_WaterProofing" name="Calc_Budget_Paint_Int" time="9.454"/>
  <testcase classname="com.AsianPaints.tests.TC_2_WaterProofing" name="Calc_Budget_Paint_Int" time="5.379"/>
</testsuite> <!-- Default test -->
