<?xml version="1.0" encoding="UTF-8"?>
<!-- Generated by org.testng.reporters.JUnitXMLReporter -->
<testsuite ignored="0" hostname="SURAJ-PC" failures="0" tests="13" name="Default test" time="262.33" errors="0" timestamp="2025-07-28T22:30:53 IST">
  <testcase classname="com.AsianPaints.tests.TC_AsianPaints_Final" name="OpenBrowser" time="0.086"/>
  <testcase classname="com.AsianPaints.tests.TC_AsianPaints_Final" name="Check_Hover" time="0.424"/>
  <testcase classname="com.AsianPaints.tests.TC_AsianPaints_Final" name="Check_PaintSection" time="3.661"/>
  <testcase classname="com.AsianPaints.tests.TC_AsianPaints_Final" name="Calc_Budget_Paint_Int" time="29.412"/>
  <testcase classname="com.AsianPaints.tests.TC_AsianPaints_Final" name="Calc_Budget_Paint_Int" time="8.566"/>
  <testcase classname="com.AsianPaints.tests.TC_AsianPaints_Final" name="Calc_Budget_Paint_Int" time="20.986"/>
  <testcase classname="com.AsianPaints.tests.TC_AsianPaints_Final" name="Check_WaterProofingSection" time="5.125"/>
  <testcase classname="com.AsianPaints.tests.TC_AsianPaints_Final" name="Calc_Budget_WaterProofing" time="8.388"/>
  <testcase classname="com.AsianPaints.tests.TC_AsianPaints_Final" name="Calc_Budget_WaterProofing" time="6.463"/>
  <testcase classname="com.AsianPaints.tests.TC_AsianPaints_Final" name="Calc_Budget_WaterProofing" time="5.615"/>
  <testcase classname="com.AsianPaints.tests.TC_AsianPaints_Final" name="Check_FindContractor" time="2.248"/>
  <testcase classname="com.AsianPaints.tests.TC_AsianPaints_Final" name="FindContractorUsingPinCode" time="7.752"/>
  <testcase classname="com.AsianPaints.tests.TC_AsianPaints_Final" name="FindContractorUsingPinCode" time="10.807"/>
</testsuite> <!-- Default test -->
