<?xml version="1.0" encoding="UTF-8"?>
<testng-results ignored="0" total="6" passed="6" failed="0" skipped="0">
  <reporter-output>
  </reporter-output>
  <suite started-at="2025-07-27T20:15:08 IST" name="Default suite" finished-at="2025-07-27T20:16:33 IST" duration-ms="84880">
    <groups>
    </groups>
    <test started-at="2025-07-27T20:15:08 IST" name="Default test" finished-at="2025-07-27T20:16:33 IST" duration-ms="84880">
      <class name="com.AsianPaints.tests.TC_2_WaterProofing">
        <test-method is-config="true" signature="startReport()[pri:0, instance:com.AsianPaints.tests.TC_2_WaterProofing@4722ef0c]" started-at="2025-07-27T20:15:08 IST" name="startReport" finished-at="2025-07-27T20:15:08 IST" duration-ms="421" status="PASS">
          <reporter-output>
          </reporter-output>
        </test-method> <!-- startReport -->
        <test-method is-config="true" signature="setup()[pri:0, instance:com.AsianPaints.tests.TC_2_WaterProofing@4722ef0c]" started-at="2025-07-27T20:15:08 IST" name="setup" finished-at="2025-07-27T20:15:23 IST" duration-ms="14850" status="PASS">
          <reporter-output>
          </reporter-output>
        </test-method> <!-- setup -->
        <test-method signature="OpenBrowser()[pri:1, instance:com.AsianPaints.tests.TC_2_WaterProofing@4722ef0c]" started-at="2025-07-27T20:15:23 IST" name="OpenBrowser" finished-at="2025-07-27T20:15:23 IST" duration-ms="288" status="PASS">
          <reporter-output>
          </reporter-output>
        </test-method> <!-- OpenBrowser -->
        <test-method is-config="true" signature="teardown()[pri:0, instance:com.AsianPaints.tests.TC_2_WaterProofing@4722ef0c]" started-at="2025-07-27T20:15:23 IST" name="teardown" finished-at="2025-07-27T20:15:24 IST" duration-ms="608" status="PASS">
          <reporter-output>
          </reporter-output>
        </test-method> <!-- teardown -->
        <test-method is-config="true" signature="setup()[pri:0, instance:com.AsianPaints.tests.TC_2_WaterProofing@4722ef0c]" started-at="2025-07-27T20:15:24 IST" name="setup" finished-at="2025-07-27T20:15:32 IST" duration-ms="8572" status="PASS">
          <reporter-output>
          </reporter-output>
        </test-method> <!-- setup -->
        <test-method signature="Check_Hover()[pri:2, instance:com.AsianPaints.tests.TC_2_WaterProofing@4722ef0c]" started-at="2025-07-27T20:15:32 IST" name="Check_Hover" finished-at="2025-07-27T20:15:33 IST" duration-ms="738" status="PASS">
          <reporter-output>
          </reporter-output>
        </test-method> <!-- Check_Hover -->
        <test-method is-config="true" signature="teardown()[pri:0, instance:com.AsianPaints.tests.TC_2_WaterProofing@4722ef0c]" started-at="2025-07-27T20:15:33 IST" name="teardown" finished-at="2025-07-27T20:15:34 IST" duration-ms="469" status="PASS">
          <reporter-output>
          </reporter-output>
        </test-method> <!-- teardown -->
        <test-method is-config="true" signature="setup()[pri:0, instance:com.AsianPaints.tests.TC_2_WaterProofing@4722ef0c]" started-at="2025-07-27T20:15:34 IST" name="setup" finished-at="2025-07-27T20:15:42 IST" duration-ms="7830" status="PASS">
          <reporter-output>
          </reporter-output>
        </test-method> <!-- setup -->
        <test-method signature="Check_WaterProofingSection()[pri:3, instance:com.AsianPaints.tests.TC_2_WaterProofing@4722ef0c]" started-at="2025-07-27T20:15:42 IST" name="Check_WaterProofingSection" finished-at="2025-07-27T20:15:45 IST" duration-ms="3061" status="PASS">
          <reporter-output>
          </reporter-output>
        </test-method> <!-- Check_WaterProofingSection -->
        <test-method is-config="true" signature="teardown()[pri:0, instance:com.AsianPaints.tests.TC_2_WaterProofing@4722ef0c]" started-at="2025-07-27T20:15:45 IST" name="teardown" finished-at="2025-07-27T20:15:45 IST" duration-ms="475" status="PASS">
          <reporter-output>
          </reporter-output>
        </test-method> <!-- teardown -->
        <test-method is-config="true" signature="setup()[pri:0, instance:com.AsianPaints.tests.TC_2_WaterProofing@4722ef0c]" started-at="2025-07-27T20:15:47 IST" name="setup" finished-at="2025-07-27T20:15:54 IST" duration-ms="7332" status="PASS">
          <reporter-output>
          </reporter-output>
        </test-method> <!-- setup -->
        <test-method signature="Calc_Budget_Paint_Int(java.lang.String)[pri:4, instance:com.AsianPaints.tests.TC_2_WaterProofing@4722ef0c]" started-at="2025-07-27T20:15:54 IST" name="Calc_Budget_Paint_Int" data-provider="WaterAreaDatas" finished-at="2025-07-27T20:16:01 IST" duration-ms="6459" status="PASS">
          <params>
            <param index="0">
              <value>
                <![CDATA[1500]]>
              </value>
            </param>
          </params>
          <reporter-output>
          </reporter-output>
        </test-method> <!-- Calc_Budget_Paint_Int -->
        <test-method is-config="true" signature="teardown()[pri:0, instance:com.AsianPaints.tests.TC_2_WaterProofing@4722ef0c]" started-at="2025-07-27T20:16:01 IST" name="teardown" finished-at="2025-07-27T20:16:01 IST" duration-ms="541" status="PASS">
          <reporter-output>
          </reporter-output>
        </test-method> <!-- teardown -->
        <test-method is-config="true" signature="setup()[pri:0, instance:com.AsianPaints.tests.TC_2_WaterProofing@4722ef0c]" started-at="2025-07-27T20:16:01 IST" name="setup" finished-at="2025-07-27T20:16:09 IST" duration-ms="7847" status="PASS">
          <reporter-output>
          </reporter-output>
        </test-method> <!-- setup -->
        <test-method signature="Calc_Budget_Paint_Int(java.lang.String)[pri:4, instance:com.AsianPaints.tests.TC_2_WaterProofing@4722ef0c]" started-at="2025-07-27T20:16:09 IST" name="Calc_Budget_Paint_Int" data-provider="WaterAreaDatas" finished-at="2025-07-27T20:16:19 IST" duration-ms="9454" status="PASS">
          <params>
            <param index="0">
              <value>
                <![CDATA[2000]]>
              </value>
            </param>
          </params>
          <reporter-output>
          </reporter-output>
        </test-method> <!-- Calc_Budget_Paint_Int -->
        <test-method is-config="true" signature="teardown()[pri:0, instance:com.AsianPaints.tests.TC_2_WaterProofing@4722ef0c]" started-at="2025-07-27T20:16:19 IST" name="teardown" finished-at="2025-07-27T20:16:19 IST" duration-ms="493" status="PASS">
          <reporter-output>
          </reporter-output>
        </test-method> <!-- teardown -->
        <test-method is-config="true" signature="setup()[pri:0, instance:com.AsianPaints.tests.TC_2_WaterProofing@4722ef0c]" started-at="2025-07-27T20:16:19 IST" name="setup" finished-at="2025-07-27T20:16:27 IST" duration-ms="8069" status="PASS">
          <reporter-output>
          </reporter-output>
        </test-method> <!-- setup -->
        <test-method signature="Calc_Budget_Paint_Int(java.lang.String)[pri:4, instance:com.AsianPaints.tests.TC_2_WaterProofing@4722ef0c]" started-at="2025-07-27T20:16:27 IST" name="Calc_Budget_Paint_Int" data-provider="WaterAreaDatas" finished-at="2025-07-27T20:16:32 IST" duration-ms="5379" status="PASS">
          <params>
            <param index="0">
              <value>
                <![CDATA[11]]>
              </value>
            </param>
          </params>
          <reporter-output>
          </reporter-output>
        </test-method> <!-- Calc_Budget_Paint_Int -->
        <test-method is-config="true" signature="teardown()[pri:0, instance:com.AsianPaints.tests.TC_2_WaterProofing@4722ef0c]" started-at="2025-07-27T20:16:32 IST" name="teardown" finished-at="2025-07-27T20:16:33 IST" duration-ms="518" status="PASS">
          <reporter-output>
          </reporter-output>
        </test-method> <!-- teardown -->
        <test-method is-config="true" signature="endReport()[pri:0, instance:com.AsianPaints.tests.TC_2_WaterProofing@4722ef0c]" started-at="2025-07-27T20:16:33 IST" name="endReport" finished-at="2025-07-27T20:16:34 IST" duration-ms="779" status="PASS">
          <reporter-output>
          </reporter-output>
        </test-method> <!-- endReport -->
      </class> <!-- com.AsianPaints.tests.TC_2_WaterProofing -->
    </test> <!-- Default test -->
  </suite> <!-- Default suite -->
</testng-results>
