<?xml version="1.0" encoding="UTF-8"?>
<testng-results ignored="0" total="8" passed="8" failed="0" skipped="0">
  <reporter-output>
  </reporter-output>
  <suite started-at="2025-07-26T23:51:17 IST" name="Default suite" finished-at="2025-07-26T23:53:18 IST" duration-ms="120598">
    <groups>
    </groups>
    <test started-at="2025-07-26T23:51:17 IST" name="Default test" finished-at="2025-07-26T23:53:18 IST" duration-ms="120598">
      <class name="com.AsianPaints.tests.TC_AsianPaints">
        <test-method is-config="true" signature="startReport()[pri:0, instance:com.AsianPaints.tests.TC_AsianPaints@3ad83a66]" started-at="2025-07-26T23:51:17 IST" name="startReport" finished-at="2025-07-26T23:51:17 IST" duration-ms="306" status="PASS">
          <reporter-output>
          </reporter-output>
        </test-method> <!-- startReport -->
        <test-method signature="Calc_Budget_Paint_Int(java.lang.String)[pri:0, instance:com.AsianPaints.tests.TC_AsianPaints@3ad83a66]" started-at="2025-07-26T23:51:18 IST" name="Calc_Budget_Paint_Int" data-provider="AreaDatas" finished-at="2025-07-26T23:51:36 IST" duration-ms="18027" status="PASS">
          <params>
            <param index="0">
              <value>
                <![CDATA[1200]]>
              </value>
            </param>
          </params>
          <reporter-output>
          </reporter-output>
        </test-method> <!-- Calc_Budget_Paint_Int -->
        <test-method signature="Calc_Budget_Paint_Int(java.lang.String)[pri:0, instance:com.AsianPaints.tests.TC_AsianPaints@3ad83a66]" started-at="2025-07-26T23:51:36 IST" name="Calc_Budget_Paint_Int" data-provider="AreaDatas" finished-at="2025-07-26T23:51:51 IST" duration-ms="14855" status="PASS">
          <params>
            <param index="0">
              <value>
                <![CDATA[1500]]>
              </value>
            </param>
          </params>
          <reporter-output>
          </reporter-output>
        </test-method> <!-- Calc_Budget_Paint_Int -->
        <test-method signature="Calc_Budget_Paint_Int(java.lang.String)[pri:0, instance:com.AsianPaints.tests.TC_AsianPaints@3ad83a66]" started-at="2025-07-26T23:51:51 IST" name="Calc_Budget_Paint_Int" data-provider="AreaDatas" finished-at="2025-07-26T23:52:05 IST" duration-ms="13354" status="PASS">
          <params>
            <param index="0">
              <value>
                <![CDATA[11]]>
              </value>
            </param>
          </params>
          <reporter-output>
          </reporter-output>
        </test-method> <!-- Calc_Budget_Paint_Int -->
        <test-method signature="Calc_WaterProofing(java.lang.String)[pri:0, instance:com.AsianPaints.tests.TC_AsianPaints@3ad83a66]" started-at="2025-07-26T23:52:05 IST" name="Calc_WaterProofing" data-provider="WaterAreaDatas" finished-at="2025-07-26T23:52:20 IST" duration-ms="15898" status="PASS">
          <params>
            <param index="0">
              <value>
                <![CDATA[1500]]>
              </value>
            </param>
          </params>
          <reporter-output>
          </reporter-output>
        </test-method> <!-- Calc_WaterProofing -->
        <test-method signature="Calc_WaterProofing(java.lang.String)[pri:0, instance:com.AsianPaints.tests.TC_AsianPaints@3ad83a66]" started-at="2025-07-26T23:52:20 IST" name="Calc_WaterProofing" data-provider="WaterAreaDatas" finished-at="2025-07-26T23:52:38 IST" duration-ms="17307" status="PASS">
          <params>
            <param index="0">
              <value>
                <![CDATA[2000]]>
              </value>
            </param>
          </params>
          <reporter-output>
          </reporter-output>
        </test-method> <!-- Calc_WaterProofing -->
        <test-method signature="Calc_WaterProofing(java.lang.String)[pri:0, instance:com.AsianPaints.tests.TC_AsianPaints@3ad83a66]" started-at="2025-07-26T23:52:38 IST" name="Calc_WaterProofing" data-provider="WaterAreaDatas" finished-at="2025-07-26T23:52:53 IST" duration-ms="14971" status="PASS">
          <params>
            <param index="0">
              <value>
                <![CDATA[11]]>
              </value>
            </param>
          </params>
          <reporter-output>
          </reporter-output>
        </test-method> <!-- Calc_WaterProofing -->
        <test-method signature="Find_Contractor(java.lang.String)[pri:0, instance:com.AsianPaints.tests.TC_AsianPaints@3ad83a66]" started-at="2025-07-26T23:52:53 IST" name="Find_Contractor" data-provider="PinCodeDatas" finished-at="2025-07-26T23:53:05 IST" duration-ms="12612" status="PASS">
          <params>
            <param index="0">
              <value>
                <![CDATA[751030]]>
              </value>
            </param>
          </params>
          <reporter-output>
          </reporter-output>
        </test-method> <!-- Find_Contractor -->
        <test-method signature="Find_Contractor(java.lang.String)[pri:0, instance:com.AsianPaints.tests.TC_AsianPaints@3ad83a66]" started-at="2025-07-26T23:53:05 IST" name="Find_Contractor" data-provider="PinCodeDatas" finished-at="2025-07-26T23:53:18 IST" duration-ms="12347" status="PASS">
          <params>
            <param index="0">
              <value>
                <![CDATA[500084]]>
              </value>
            </param>
          </params>
          <reporter-output>
          </reporter-output>
        </test-method> <!-- Find_Contractor -->
        <test-method is-config="true" signature="endReport()[pri:0, instance:com.AsianPaints.tests.TC_AsianPaints@3ad83a66]" started-at="2025-07-26T23:53:18 IST" name="endReport" finished-at="2025-07-26T23:53:18 IST" duration-ms="654" status="PASS">
          <reporter-output>
          </reporter-output>
        </test-method> <!-- endReport -->
      </class> <!-- com.AsianPaints.tests.TC_AsianPaints -->
    </test> <!-- Default test -->
  </suite> <!-- Default suite -->
</testng-results>
